app/build/intermediates/manifest_merge_blame_file/debug/processDebugMainManifest/manifest-merger-blame-debug-report.txt
1<?xml version="1.0" encoding="utf-8"?>
2<manifest xmlns:android="http://schemas.android.com/apk/res/android"
3    package="com.recordpricer"
4    android:versionCode="1"
5    android:versionName="1.0" >
6
7    <uses-sdk
8        android:minSdkVersion="26"
9        android:targetSdkVersion="34" />
10
11    <uses-permission android:name="android.permission.INTERNET" />
11-->src/main/AndroidManifest.xml:4:5-67
11-->src/main/AndroidManifest.xml:4:22-64
12    <uses-permission android:name="android.permission.CAMERA" />
12-->src/main/AndroidManifest.xml:5:5-65
12-->src/main/AndroidManifest.xml:5:22-62
13
14    <uses-feature
14-->src/main/AndroidManifest.xml:6:5-85
15        android:name="android.hardware.camera"
15-->src/main/AndroidManifest.xml:6:19-57
16        android:required="false" />
16-->src/main/AndroidManifest.xml:6:58-82
17
18    <permission
18-->[androidx.core:core:1.13.1] AndroidManifest.xml:22:5-24:47
19        android:name="com.recordpricer.DYNAMIC_RECEIVER_NOT_EXPORTED_PERMISSION"
19-->[androidx.core:core:1.13.1] AndroidManifest.xml:23:9-81
20        android:protectionLevel="signature" />
20-->[androidx.core:core:1.13.1] AndroidManifest.xml:24:9-44
21
22    <uses-permission android:name="com.recordpricer.DYNAMIC_RECEIVER_NOT_EXPORTED_PERMISSION" /> <!-- Although the *SdkVersion is captured in gradle build files, this is required for non gradle builds -->
22-->[androidx.core:core:1.13.1] AndroidManifest.xml:26:5-97
22-->[androidx.core:core:1.13.1] AndroidManifest.xml:26:22-94
23    <!-- <uses-sdk android:minSdkVersion="14"/> -->
24    <uses-permission android:name="android.permission.ACCESS_NETWORK_STATE" />
24-->[com.google.android.datatransport:transport-backend-cct:2.3.3] AndroidManifest.xml:25:5-79
24-->[com.google.android.datatransport:transport-backend-cct:2.3.3] AndroidManifest.xml:25:22-76
25
26    <application
26-->src/main/AndroidManifest.xml:8:5-42:19
27        android:allowBackup="true"
27-->src/main/AndroidManifest.xml:9:9-35
28        android:appComponentFactory="androidx.core.app.CoreComponentFactory"
28-->[androidx.core:core:1.13.1] AndroidManifest.xml:28:18-86
29        android:debuggable="true"
30        android:extractNativeLibs="false"
31        android:label="@string/app_name"
31-->src/main/AndroidManifest.xml:10:9-41
32        android:theme="@style/Theme.MaterialComponents.Light.DarkActionBar"
32-->src/main/AndroidManifest.xml:11:9-76
33        android:usesCleartextTraffic="false" >
33-->src/main/AndroidManifest.xml:12:9-45
34        <activity
34-->src/main/AndroidManifest.xml:14:9-21:20
35            android:name="com.recordpricer.MainActivity"
35-->src/main/AndroidManifest.xml:15:13-41
36            android:exported="true" >
36-->src/main/AndroidManifest.xml:16:13-36
37            <intent-filter>
37-->src/main/AndroidManifest.xml:17:13-20:29
38                <action android:name="android.intent.action.MAIN" />
38-->src/main/AndroidManifest.xml:18:17-69
38-->src/main/AndroidManifest.xml:18:25-66
39
40                <category android:name="android.intent.category.LAUNCHER" />
40-->src/main/AndroidManifest.xml:19:17-77
40-->src/main/AndroidManifest.xml:19:27-74
41            </intent-filter>
42        </activity>
43        <activity
43-->src/main/AndroidManifest.xml:23:9-26:52
44            android:name="com.recordpricer.CameraActivity"
44-->src/main/AndroidManifest.xml:24:13-43
45            android:exported="false"
45-->src/main/AndroidManifest.xml:25:13-37
46            android:screenOrientation="portrait" />
46-->src/main/AndroidManifest.xml:26:13-49
47        <activity
47-->src/main/AndroidManifest.xml:28:9-30:40
48            android:name="com.recordpricer.SettingsActivity"
48-->src/main/AndroidManifest.xml:29:13-45
49            android:exported="false" />
49-->src/main/AndroidManifest.xml:30:13-37
50
51        <provider
52            android:name="androidx.core.content.FileProvider"
52-->src/main/AndroidManifest.xml:33:13-62
53            android:authorities="com.recordpricer.fileprovider"
53-->src/main/AndroidManifest.xml:34:13-64
54            android:exported="false"
54-->src/main/AndroidManifest.xml:35:13-37
55            android:grantUriPermissions="true" >
55-->src/main/AndroidManifest.xml:36:13-47
56            <meta-data
56-->src/main/AndroidManifest.xml:37:13-39:54
57                android:name="android.support.FILE_PROVIDER_PATHS"
57-->src/main/AndroidManifest.xml:38:17-67
58                android:resource="@xml/file_paths" />
58-->src/main/AndroidManifest.xml:39:17-51
59        </provider>
60
61        <!--
62        Service for holding metadata. Cannot be instantiated.
63        Metadata will be merged from other manifests.
64        -->
65        <service
65-->[androidx.camera:camera-core:1.3.4] AndroidManifest.xml:29:9-33:78
66            android:name="androidx.camera.core.impl.MetadataHolderService"
66-->[androidx.camera:camera-core:1.3.4] AndroidManifest.xml:30:13-75
67            android:enabled="false"
67-->[androidx.camera:camera-core:1.3.4] AndroidManifest.xml:31:13-36
68            android:exported="false" >
68-->[androidx.camera:camera-core:1.3.4] AndroidManifest.xml:32:13-37
69            <meta-data
69-->[androidx.camera:camera-camera2:1.3.4] AndroidManifest.xml:30:13-32:89
70                android:name="androidx.camera.core.impl.MetadataHolderService.DEFAULT_CONFIG_PROVIDER"
70-->[androidx.camera:camera-camera2:1.3.4] AndroidManifest.xml:31:17-103
71                android:value="androidx.camera.camera2.Camera2Config$DefaultProvider" />
71-->[androidx.camera:camera-camera2:1.3.4] AndroidManifest.xml:32:17-86
72        </service>
73        <service
73-->[com.google.android.gms:play-services-mlkit-barcode-scanning:18.3.1] AndroidManifest.xml:9:9-15:19
74            android:name="com.google.mlkit.common.internal.MlKitComponentDiscoveryService"
74-->[com.google.android.gms:play-services-mlkit-barcode-scanning:18.3.1] AndroidManifest.xml:10:13-91
75            android:directBootAware="true"
75-->[com.google.mlkit:common:18.11.0] AndroidManifest.xml:17:13-43
76            android:exported="false" >
76-->[com.google.android.gms:play-services-mlkit-barcode-scanning:18.3.1] AndroidManifest.xml:11:13-37
77            <meta-data
77-->[com.google.android.gms:play-services-mlkit-barcode-scanning:18.3.1] AndroidManifest.xml:12:13-14:85
78                android:name="com.google.firebase.components:com.google.mlkit.vision.barcode.internal.BarcodeRegistrar"
78-->[com.google.android.gms:play-services-mlkit-barcode-scanning:18.3.1] AndroidManifest.xml:13:17-120
79                android:value="com.google.firebase.components.ComponentRegistrar" />
79-->[com.google.android.gms:play-services-mlkit-barcode-scanning:18.3.1] AndroidManifest.xml:14:17-82
80            <meta-data
80-->[com.google.mlkit:vision-common:17.3.0] AndroidManifest.xml:12:13-14:85
81                android:name="com.google.firebase.components:com.google.mlkit.vision.common.internal.VisionCommonRegistrar"
81-->[com.google.mlkit:vision-common:17.3.0] AndroidManifest.xml:13:17-124
82                android:value="com.google.firebase.components.ComponentRegistrar" />
82-->[com.google.mlkit:vision-common:17.3.0] AndroidManifest.xml:14:17-82
83            <meta-data
83-->[com.google.mlkit:common:18.11.0] AndroidManifest.xml:20:13-22:85
84                android:name="com.google.firebase.components:com.google.mlkit.common.internal.CommonComponentRegistrar"
84-->[com.google.mlkit:common:18.11.0] AndroidManifest.xml:21:17-120
85                android:value="com.google.firebase.components.ComponentRegistrar" />
85-->[com.google.mlkit:common:18.11.0] AndroidManifest.xml:22:17-82
86        </service>
87
88        <provider
88-->[com.google.mlkit:common:18.11.0] AndroidManifest.xml:9:9-13:38
89            android:name="com.google.mlkit.common.internal.MlKitInitProvider"
89-->[com.google.mlkit:common:18.11.0] AndroidManifest.xml:10:13-78
90            android:authorities="com.recordpricer.mlkitinitprovider"
90-->[com.google.mlkit:common:18.11.0] AndroidManifest.xml:11:13-69
91            android:exported="false"
91-->[com.google.mlkit:common:18.11.0] AndroidManifest.xml:12:13-37
92            android:initOrder="99" />
92-->[com.google.mlkit:common:18.11.0] AndroidManifest.xml:13:13-35
93        <provider
93-->[androidx.emoji2:emoji2:1.3.0] AndroidManifest.xml:24:9-32:20
94            android:name="androidx.startup.InitializationProvider"
94-->[androidx.emoji2:emoji2:1.3.0] AndroidManifest.xml:25:13-67
95            android:authorities="com.recordpricer.androidx-startup"
95-->[androidx.emoji2:emoji2:1.3.0] AndroidManifest.xml:26:13-68
96            android:exported="false" >
96-->[androidx.emoji2:emoji2:1.3.0] AndroidManifest.xml:27:13-37
97            <meta-data
97-->[androidx.emoji2:emoji2:1.3.0] AndroidManifest.xml:29:13-31:52
98                android:name="androidx.emoji2.text.EmojiCompatInitializer"
98-->[androidx.emoji2:emoji2:1.3.0] AndroidManifest.xml:30:17-75
99                android:value="androidx.startup" />
99-->[androidx.emoji2:emoji2:1.3.0] AndroidManifest.xml:31:17-49
100            <meta-data
100-->[androidx.lifecycle:lifecycle-process:2.8.3] AndroidManifest.xml:29:13-31:52
101                android:name="androidx.lifecycle.ProcessLifecycleInitializer"
101-->[androidx.lifecycle:lifecycle-process:2.8.3] AndroidManifest.xml:30:17-78
102                android:value="androidx.startup" />
102-->[androidx.lifecycle:lifecycle-process:2.8.3] AndroidManifest.xml:31:17-49
103            <meta-data
103-->[androidx.profileinstaller:profileinstaller:1.3.1] AndroidManifest.xml:29:13-31:52
104                android:name="androidx.profileinstaller.ProfileInstallerInitializer"
104-->[androidx.profileinstaller:profileinstaller:1.3.1] AndroidManifest.xml:30:17-85
105                android:value="androidx.startup" />
105-->[androidx.profileinstaller:profileinstaller:1.3.1] AndroidManifest.xml:31:17-49
106        </provider>
107
108        <activity
108-->[com.google.android.gms:play-services-base:18.5.0] AndroidManifest.xml:5:9-173
109            android:name="com.google.android.gms.common.api.GoogleApiActivity"
109-->[com.google.android.gms:play-services-base:18.5.0] AndroidManifest.xml:5:19-85
110            android:exported="false"
110-->[com.google.android.gms:play-services-base:18.5.0] AndroidManifest.xml:5:146-170
111            android:theme="@android:style/Theme.Translucent.NoTitleBar" />
111-->[com.google.android.gms:play-services-base:18.5.0] AndroidManifest.xml:5:86-145
112
113        <meta-data
113-->[com.google.android.gms:play-services-basement:18.4.0] AndroidManifest.xml:6:9-122
114            android:name="com.google.android.gms.version"
114-->[com.google.android.gms:play-services-basement:18.4.0] AndroidManifest.xml:6:20-65
115            android:value="@integer/google_play_services_version" />
115-->[com.google.android.gms:play-services-basement:18.4.0] AndroidManifest.xml:6:66-119
116
117        <receiver
117-->[androidx.profileinstaller:profileinstaller:1.3.1] AndroidManifest.xml:34:9-52:20
118            android:name="androidx.profileinstaller.ProfileInstallReceiver"
118-->[androidx.profileinstaller:profileinstaller:1.3.1] AndroidManifest.xml:35:13-76
119            android:directBootAware="false"
119-->[androidx.profileinstaller:profileinstaller:1.3.1] AndroidManifest.xml:36:13-44
120            android:enabled="true"
120-->[androidx.profileinstaller:profileinstaller:1.3.1] AndroidManifest.xml:37:13-35
121            android:exported="true"
121-->[androidx.profileinstaller:profileinstaller:1.3.1] AndroidManifest.xml:38:13-36
122            android:permission="android.permission.DUMP" >
122-->[androidx.profileinstaller:profileinstaller:1.3.1] AndroidManifest.xml:39:13-57
123            <intent-filter>
123-->[androidx.profileinstaller:profileinstaller:1.3.1] AndroidManifest.xml:40:13-42:29
124                <action android:name="androidx.profileinstaller.action.INSTALL_PROFILE" />
124-->[androidx.profileinstaller:profileinstaller:1.3.1] AndroidManifest.xml:41:17-91
124-->[androidx.profileinstaller:profileinstaller:1.3.1] AndroidManifest.xml:41:25-88
125            </intent-filter>
126            <intent-filter>
126-->[androidx.profileinstaller:profileinstaller:1.3.1] AndroidManifest.xml:43:13-45:29
127                <action android:name="androidx.profileinstaller.action.SKIP_FILE" />
127-->[androidx.profileinstaller:profileinstaller:1.3.1] AndroidManifest.xml:44:17-85
127-->[androidx.profileinstaller:profileinstaller:1.3.1] AndroidManifest.xml:44:25-82
128            </intent-filter>
129            <intent-filter>
129-->[androidx.profileinstaller:profileinstaller:1.3.1] AndroidManifest.xml:46:13-48:29
130                <action android:name="androidx.profileinstaller.action.SAVE_PROFILE" />
130-->[androidx.profileinstaller:profileinstaller:1.3.1] AndroidManifest.xml:47:17-88
130-->[androidx.profileinstaller:profileinstaller:1.3.1] AndroidManifest.xml:47:25-85
131            </intent-filter>
132            <intent-filter>
132-->[androidx.profileinstaller:profileinstaller:1.3.1] AndroidManifest.xml:49:13-51:29
133                <action android:name="androidx.profileinstaller.action.BENCHMARK_OPERATION" />
133-->[androidx.profileinstaller:profileinstaller:1.3.1] AndroidManifest.xml:50:17-95
133-->[androidx.profileinstaller:profileinstaller:1.3.1] AndroidManifest.xml:50:25-92
134            </intent-filter>
135        </receiver>
136
137        <service
137-->[com.google.android.datatransport:transport-backend-cct:2.3.3] AndroidManifest.xml:29:9-35:19
138            android:name="com.google.android.datatransport.runtime.backends.TransportBackendDiscovery"
138-->[com.google.android.datatransport:transport-backend-cct:2.3.3] AndroidManifest.xml:30:13-103
139            android:exported="false" >
139-->[com.google.android.datatransport:transport-backend-cct:2.3.3] AndroidManifest.xml:31:13-37
140            <meta-data
140-->[com.google.android.datatransport:transport-backend-cct:2.3.3] AndroidManifest.xml:32:13-34:39
141                android:name="backend:com.google.android.datatransport.cct.CctBackendFactory"
141-->[com.google.android.datatransport:transport-backend-cct:2.3.3] AndroidManifest.xml:33:17-94
142                android:value="cct" />
142-->[com.google.android.datatransport:transport-backend-cct:2.3.3] AndroidManifest.xml:34:17-36
143        </service>
144        <service
144-->[com.google.android.datatransport:transport-runtime:2.2.6] AndroidManifest.xml:26:9-30:19
145            android:name="com.google.android.datatransport.runtime.scheduling.jobscheduling.JobInfoSchedulerService"
145-->[com.google.android.datatransport:transport-runtime:2.2.6] AndroidManifest.xml:27:13-117
146            android:exported="false"
146-->[com.google.android.datatransport:transport-runtime:2.2.6] AndroidManifest.xml:28:13-37
147            android:permission="android.permission.BIND_JOB_SERVICE" >
147-->[com.google.android.datatransport:transport-runtime:2.2.6] AndroidManifest.xml:29:13-69
148        </service>
149
150        <receiver
150-->[com.google.android.datatransport:transport-runtime:2.2.6] AndroidManifest.xml:32:9-34:40
151            android:name="com.google.android.datatransport.runtime.scheduling.jobscheduling.AlarmManagerSchedulerBroadcastReceiver"
151-->[com.google.android.datatransport:transport-runtime:2.2.6] AndroidManifest.xml:33:13-132
152            android:exported="false" />
152-->[com.google.android.datatransport:transport-runtime:2.2.6] AndroidManifest.xml:34:13-37
153    </application>
154
155</manifest>